<?xml version="1.0" encoding="UTF-8"?>
<testsuites name="TestSuite1" time="18" tests="1" failures="0" errors="0">
   <testsuite name="TestSuite1" tests="1" failures="0" errors="0" time="18" timestamp="2018-05-07 10:56:52" hostname="smanugunta - USR-SMANUGUNTA1.avoka.local" id="Test Suites/TestSuite1">
      <properties>
         <property name="deviceName" value=""/>
         <property name="devicePlatform" value=""/>
         <property name="logFolder" value="C:\\Users\\smanugunta\\git\\Test\\Reports\\TestSuite1\\20180507_105651"/>
         <property name="logFiles" value="C:\\Users\\smanugunta\\git\\Test\\Reports\\TestSuite1\\20180507_105651\\execution0.log"/>
         <property name="attachments" value=""/>
         <property name="hostName" value="smanugunta - USR-SMANUGUNTA1.avoka.local"/>
         <property name="os" value="Windows 10 64bit"/>
         <property name="katalonVersion" value="5.4.1.1"/>
         <property name="browser" value="Chrome 66.0.3359.139"/>
         <property name="hostAddress" value="192.168.20.233"/>
         <property name="sessionId" value="4dcaed1106a80fe6d0aaf53dc56222d7"/>
         <property name="seleniumVersion" value="3.7.1"/>
         <property name="proxyInformation" value="ProxyInformation{proxyOption=NO_PROXY, proxyServerType=HTTP, password=, proxyServerAddress=, proxyServerPort=0}"/>
         <property name="platform" value="Windows 10"/>
      </properties>
      <testcase name="Test Cases/Testcase 1" classname="Test Cases/Testcase 1" status="PASSED">
         <system-out><![CDATA[2018-05-07 10:56:52 - [TEST_CASE][PASSED] - Test Cases/Testcase 1: Test Cases/Testcase 1

2018-05-07 10:56:53 - [TEST_STEP][PASSED] - openBrowser: Browser is opened with url: ''

2018-05-07 10:56:55 - [MESSAGE][PASSED] - Browser is opened with url: ''

2018-05-07 10:56:55 - [TEST_STEP][PASSED] - navigateToUrl: Navigate to 'https://tm.test1.avoka.com/manager/login.htm' successfully

2018-05-07 10:56:57 - [MESSAGE][PASSED] - Navigate to 'https://tm.test1.avoka.com/manager/login.htm' successfully

2018-05-07 10:56:57 - [TEST_STEP][PASSED] - setText: Text 'smanugunta@avoka.com' is set on object 'Object Repository/Page_Manager - Avoka Transact/input_j_username'

2018-05-07 10:56:58 - [MESSAGE][PASSED] - Text 'smanugunta@avoka.com' is set on object 'Object Repository/Page_Manager - Avoka Transact/input_j_username'

2018-05-07 10:56:58 - [TEST_STEP][PASSED] - setText: Text 'Unicorn!23' is set on object 'Object Repository/Page_Manager - Avoka Transact/input_j_password'

2018-05-07 10:56:58 - [MESSAGE][PASSED] - Text 'Unicorn!23' is set on object 'Object Repository/Page_Manager - Avoka Transact/input_j_password'

2018-05-07 10:56:58 - [TEST_STEP][PASSED] - click: Object: 'Object Repository/Page_Manager - Avoka Transact/input_btn btn-primary' is clicked on

2018-05-07 10:57:00 - [MESSAGE][PASSED] - Object: 'Object Repository/Page_Manager - Avoka Transact/input_btn btn-primary' is clicked on

2018-05-07 10:57:00 - [TEST_STEP][PASSED] - click: Object: 'Object Repository/Page_Manager - Avoka Transact/a_Form Spaces' is clicked on

2018-05-07 10:57:02 - [MESSAGE][PASSED] - Object: 'Object Repository/Page_Manager - Avoka Transact/a_Form Spaces' is clicked on

2018-05-07 10:57:02 - [TEST_STEP][PASSED] - setText: Text 'test' is set on object 'Object Repository/Page_Manager - Avoka Transact/input_searchField'

2018-05-07 10:57:02 - [MESSAGE][PASSED] - Text 'test' is set on object 'Object Repository/Page_Manager - Avoka Transact/input_searchField'

2018-05-07 10:57:02 - [TEST_STEP][PASSED] - click: Object: 'Object Repository/Page_Manager - Avoka Transact/input_search' is clicked on

2018-05-07 10:57:02 - [MESSAGE][PASSED] - Object: 'Object Repository/Page_Manager - Avoka Transact/input_search' is clicked on

2018-05-07 10:57:02 - [TEST_STEP][PASSED] - click: Object: 'Object Repository/Page_Manager - Avoka Transact/a_Home' is clicked on

2018-05-07 10:57:03 - [MESSAGE][PASSED] - Object: 'Object Repository/Page_Manager - Avoka Transact/a_Home' is clicked on

2018-05-07 10:57:03 - [TEST_STEP][PASSED] - click: Object: 'Object Repository/Page_Manager - Avoka Transact/a_Organizations' is clicked on

2018-05-07 10:57:04 - [MESSAGE][PASSED] - Object: 'Object Repository/Page_Manager - Avoka Transact/a_Organizations' is clicked on

2018-05-07 10:57:04 - [TEST_STEP][PASSED] - click: Object: 'Object Repository/Page_Manager - Avoka Transact/input_Save' is clicked on

2018-05-07 10:57:05 - [MESSAGE][PASSED] - Object: 'Object Repository/Page_Manager - Avoka Transact/input_Save' is clicked on

2018-05-07 10:57:05 - [TEST_STEP][PASSED] - click: Object: 'Object Repository/Page_Manager - Avoka Transact/a_Home' is clicked on

2018-05-07 10:57:06 - [MESSAGE][PASSED] - Object: 'Object Repository/Page_Manager - Avoka Transact/a_Home' is clicked on

2018-05-07 10:57:06 - [TEST_STEP][PASSED] - click: Object: 'Object Repository/Page_Manager - Avoka Transact/a_Import Application' is clicked on

2018-05-07 10:57:07 - [MESSAGE][PASSED] - Object: 'Object Repository/Page_Manager - Avoka Transact/a_Import Application' is clicked on

2018-05-07 10:57:07 - [TEST_STEP][PASSED] - click: Object: 'Object Repository/Page_Manager - Avoka Transact/input_upload' is clicked on

2018-05-07 10:57:07 - [MESSAGE][PASSED] - Object: 'Object Repository/Page_Manager - Avoka Transact/input_upload' is clicked on

2018-05-07 10:57:07 - [TEST_STEP][PASSED] - click: Object: 'Object Repository/Page_Manager - Avoka Transact/a_Home' is clicked on

2018-05-07 10:57:08 - [MESSAGE][PASSED] - Object: 'Object Repository/Page_Manager - Avoka Transact/a_Home' is clicked on

2018-05-07 10:57:08 - [TEST_STEP][PASSED] - click: Object: 'Object Repository/Page_Manager - Avoka Transact/a_Import Form' is clicked on

2018-05-07 10:57:08 - [MESSAGE][PASSED] - Object: 'Object Repository/Page_Manager - Avoka Transact/a_Import Form' is clicked on

2018-05-07 10:57:08 - [TEST_STEP][PASSED] - click: Object: 'Object Repository/Page_Manager - Avoka Transact/form_Form Version Archive File' is clicked on

2018-05-07 10:57:08 - [MESSAGE][PASSED] - Object: 'Object Repository/Page_Manager - Avoka Transact/form_Form Version Archive File' is clicked on

2018-05-07 10:57:08 - [TEST_STEP][PASSED] - click: Object: 'Object Repository/Page_Manager - Avoka Transact/input_upload' is clicked on

2018-05-07 10:57:09 - [MESSAGE][PASSED] - Object: 'Object Repository/Page_Manager - Avoka Transact/input_upload' is clicked on

2018-05-07 10:57:09 - [TEST_STEP][PASSED] - click: Object: 'Object Repository/Page_Manager - Avoka Transact/a_Home' is clicked on

2018-05-07 10:57:09 - [MESSAGE][PASSED] - Object: 'Object Repository/Page_Manager - Avoka Transact/a_Home' is clicked on

2018-05-07 10:57:09 - [TEST_STEP][PASSED] - click: Object: 'Object Repository/Page_Manager - Avoka Transact/a_Logout' is clicked on

2018-05-07 10:57:10 - [MESSAGE][PASSED] - Object: 'Object Repository/Page_Manager - Avoka Transact/a_Logout' is clicked on

2018-05-07 10:57:10 - [TEST_STEP][PASSED] - closeBrowser: Browser is closed

2018-05-07 10:57:11 - [MESSAGE][PASSED] - Browser is closed]]></system-out>
         <system-err><![CDATA[]]></system-err>
      </testcase>
      <system-out><![CDATA[2018-05-07 10:56:52 - [TEST_SUITE][PASSED] - TestSuite1: Test Cases/Testcase 1]]></system-out>
      <system-err><![CDATA[]]></system-err>
   </testsuite>
</testsuites>
